[31merror[39m: uncaughtException: logger.info is not a function
TypeError: logger.info is not a function
    at Server.<anonymous> (/home/prashant/Documents/node.js/express-session/server/index.js:9:10)
    at Object.onceWrapper (node:events:513:28)
    at Server.emit (node:events:394:28)
    at emitListeningNT (node:net:1349:10)
    at processTicksAndRejections (node:internal/process/task_queues:82:21)
[31merror[39m: uncaughtException: logger.error is not a function
TypeError: logger.error is not a function
    at /home/prashant/Documents/node.js/express-session/server/index.js:18:26
    at processTicksAndRejections (node:internal/process/task_queues:96:5)
[31merror[39m: uncaughtException: logger.info is not a function
TypeError: logger.info is not a function
    at Server.<anonymous> (/home/prashant/Documents/node.js/express-session/server/index.js:9:10)
    at Object.onceWrapper (node:events:513:28)
    at Server.emit (node:events:394:28)
    at emitListeningNT (node:net:1349:10)
    at processTicksAndRejections (node:internal/process/task_queues:82:21)
[31merror[39m: uncaughtException: logger.error is not a function
TypeError: logger.error is not a function
    at /home/prashant/Documents/node.js/express-session/server/index.js:18:26
    at processTicksAndRejections (node:internal/process/task_queues:96:5)
[31merror[39m: uncaughtException: Router.use() requires a middleware function but got a Object
TypeError: Router.use() requires a middleware function but got a Object
    at Function.use (/home/prashant/Documents/node.js/express-session/node_modules/express/lib/router/index.js:458:13)
    at Function.<anonymous> (/home/prashant/Documents/node.js/express-session/node_modules/express/lib/application.js:220:21)
    at Array.forEach (<anonymous>)
    at Function.use (/home/prashant/Documents/node.js/express-session/node_modules/express/lib/application.js:217:7)
    at Object.<anonymous> (/home/prashant/Documents/node.js/express-session/server/app.js:30:39)
    at Module._compile (node:internal/modules/cjs/loader:1101:14)
    at Object.Module._extensions..js (node:internal/modules/cjs/loader:1153:10)
    at Module.load (node:internal/modules/cjs/loader:981:32)
    at Function.Module._load (node:internal/modules/cjs/loader:822:12)
    at Module.require (node:internal/modules/cjs/loader:1005:19)
